<?xml version="1.0" encoding="UTF-8"?>
<testsuite name="EntityTest" tests="7" skipped="0" failures="0" errors="0" timestamp="2019-07-11T11:38:24" hostname="МС-ПК" time="0.002">
  <properties/>
  <testcase name="insideBefore" classname="EntityTest" time="0.001"/>
  <testcase name="insideAfter" classname="EntityTest" time="0.0"/>
  <testcase name="before" classname="EntityTest" time="0.0"/>
  <testcase name="beforeAndOn" classname="EntityTest" time="0.0"/>
  <testcase name="after" classname="EntityTest" time="0.0"/>
  <testcase name="equalsSegments" classname="EntityTest" time="0.0"/>
  <testcase name="afterAndOn" classname="EntityTest" time="0.0"/>
  <system-out><![CDATA[]]></system-out>
  <system-err><![CDATA[]]></system-err>
</testsuite>
